This is MetaPost, version 1.999 (TeX Live 2015) (kpathsea version 6.2.1)  13 JUN 2016 14:47
**/Users/Sophie/metafont/metapost-metafont/UC/N.mp 
(/usr/local/texlive/2015/texmf-dist/metapost/base/mpost.mp
(/usr/local/texlive/2015/texmf-dist/metapost/base/plain.mp
Preloading the plain mem file, version 1.005) )
(/Users/Sophie/metafont/metapost-metafont/UC/N.mp
! I can't open file `../param'.
l.1 input ../param
                  
Please type another input file name: /Users/Sophie/metafont/metapost-metafont/U
C/N.mp 
(/Users/Sophie/metafont/metapost-metafont/UC/N.mp
! I can't open file `../param'.
l.1 input ../param
                  
Please type another input file name: /Users/Sophie/metafont/metapost-metafont/U
C/U.mp 
(/Users/Sophie/metafont/metapost-metafont/UC/U.mp
! I can't open file `../param'.
l.1 input ../param
                  
Please type another input file name: cd
! I can't open file `cd'.
l.1 input ../param
                  
Please type another input file name: 
! Emergency stop.
l.1 input ../param
                  
End of file on the terminal!


