This is MetaPost, version 1.999 (TeX Live 2015/Arch Linux) (kpathsea version 6.2.1)  3 JUN 2016 10:07
**UC/E.mp
(/usr/share/texmf-dist/metapost/base/mpost.mp
(/usr/share/texmf-dist/metapost/base/plain.mp
Preloading the plain mem file, version 1.005) ) (./UC/E.mp (./UC/../param.mp
(./def.mp))
! Missing argument to gouache.
<to be read again> 
                   currentpen
pen_pickup_->currentpen
                       :=(EXPR0);pen_lft:=xpart.penoffset.down.of.currentpen...
<to be read again> 
                   ;
spcharend->pickup.pencircle.scaled1;
                                    if.visual>=1:draw(-marg*ux,-2*uy)--((mar...
l.15 spcharend(6)
                 ;
? 
! Missing argument to gouache.
<to be read again> 
                   Ysc
gouache->Ysc
            :=sasy/curve;if(SUFFIX2)=refl:pickup.pencircle.xscaled.sasx.ysca...
<to be read again> 
                   currentpen
pen_pickup_->currentpen
                       :=(EXPR0);pen_lft:=xpart.penoffset.down.of.currentpen...
<to be read again> 
                   ;
spcharend->pickup.pencircle.scaled1;
                                    if.visual>=1:draw(-marg*ux,-2*uy)--((mar...
l.15 spcharend(6)
                 ;
? 
! Missing argument to gouache.
<to be read again> 
                   Ysc
gouache->Ysc
            :=sasy/curve;if(SUFFIX2)=refl:pickup.pencircle.xscaled.sasx.ysca...
<to be read again> 
                   Ysc
gouache->Ysc
            :=sasy/curve;if(SUFFIX2)=refl:pickup.pencircle.xscaled.sasx.ysca...
<to be read again> 
                   currentpen
pen_pickup_->currentpen
                       :=(EXPR0);pen_lft:=xpart.penoffset.down.of.currentpen...
<to be read again> 
                   ;
spcharend->pickup.pencircle.scaled1;
                                    if.visual>=1:draw(-marg*ux,-2*uy)--((mar...
l.15 spcharend(6)
                 ;
? 
>> 107.59552
>> curve
! Not implemented: (known numeric)/(unknown numeric).
<to be read again> 
                   ;
gouache->Ysc:=sasy/curve;
                         if(SUFFIX2)=refl:pickup.pencircle.xscaled.sasx.ysca...
<to be read again> 
                   Ysc
gouache->Ysc
            :=sasy/curve;if(SUFFIX2)=refl:pickup.pencircle.xscaled.sasx.ysca...
<to be read again> 
                   Ysc
gouache->Ysc
            :=sasy/curve;if(SUFFIX2)=refl:pickup.pencircle.xscaled.sasx.ysca...
<to be read again> 
                   currentpen
pen_pickup_->currentpen
                       :=(EXPR0);pen_lft:=xpart.penoffset.down.of.currentpen...
<to be read again> 
                   ;
spcharend->pickup.pencircle.scaled1;
                                    if.visual>=1:draw(-marg*ux,-2*uy)--((mar...
l.15 spcharend(6)
                 ;
? 
! An expression can't begin with `='.
<inserted text> 
                0
<to be read again> 
                   =
gouache->Ysc:=sasy/curve;if(SUFFIX2)=
                                     refl:pickup.pencircle.xscaled.sasx.ysca...
<to be read again> 
                   Ysc
gouache->Ysc
            :=sasy/curve;if(SUFFIX2)=refl:pickup.pencircle.xscaled.sasx.ysca...
<to be read again> 
                   Ysc
gouache->Ysc
            :=sasy/curve;if(SUFFIX2)=refl:pickup.pencircle.xscaled.sasx.ysca...
<to be read again> 
                   currentpen
pen_pickup_->currentpen
                       :=(EXPR0);pen_lft:=xpart.penoffset.down.of.currentpen...
<to be read again> 
                   ;
spcharend->pickup.pencircle.scaled1;
                                    if.visual>=1:draw(-marg*ux,-2*uy)--((mar...
l.15 spcharend(6)
                 ;
? 
>> -refl
! Unknown relation will be considered false.
<to be read again> 
                   :
gouache->Ysc:=sasy/curve;if(SUFFIX2)=refl:
                                          pickup.pencircle.xscaled.sasx.ysca...
<to be read again> 
                   Ysc
gouache->Ysc
            :=sasy/curve;if(SUFFIX2)=refl:pickup.pencircle.xscaled.sasx.ysca...
<to be read again> 
                   Ysc
gouache->Ysc
            :=sasy/curve;if(SUFFIX2)=refl:pickup.pencircle.xscaled.sasx.ysca...
<to be read again> 
                   currentpen
pen_pickup_->currentpen
                       :=(EXPR0);pen_lft:=xpart.penoffset.down.of.currentpen...
<to be read again> 
                   ;
spcharend->pickup.pencircle.scaled1;
                                    if.visual>=1:draw(-marg*ux,-2*uy)--((mar...
l.15 spcharend(6)
                 ;
? 
! An expression can't begin with `='.
<inserted text> 
                0
<to be read again> 
                   =
gouache->...tedabout(A,B)rotated0;elseif(SUFFIX2)=
                                                  sup:Xsc:=sasx*2;pickup.pen...
<to be read again> 
                   Ysc
gouache->Ysc
            :=sasy/curve;if(SUFFIX2)=refl:pickup.pencircle.xscaled.sasx.ysca...
<to be read again> 
                   Ysc
gouache->Ysc
            :=sasy/curve;if(SUFFIX2)=refl:pickup.pencircle.xscaled.sasx.ysca...
<to be read again> 
                   currentpen
pen_pickup_->currentpen
                       :=(EXPR0);pen_lft:=xpart.penoffset.down.of.currentpen...
<to be read again> 
                   ;
spcharend->pickup.pencircle.scaled1;
                                    if.visual>=1:draw(-marg*ux,-2*uy)--((mar...
l.15 spcharend(6)
                 ;
? 
>> -sup
! Unknown relation will be considered false.
<to be read again> 
                   :
gouache->...bout(A,B)rotated0;elseif(SUFFIX2)=sup:
                                                  Xsc:=sasx*2;pickup.pencirc...
<to be read again> 
                   Ysc
gouache->Ysc
            :=sasy/curve;if(SUFFIX2)=refl:pickup.pencircle.xscaled.sasx.ysca...
<to be read again> 
                   Ysc
gouache->Ysc
            :=sasy/curve;if(SUFFIX2)=refl:pickup.pencircle.xscaled.sasx.ysca...
<to be read again> 
                   currentpen
pen_pickup_->currentpen
                       :=(EXPR0);pen_lft:=xpart.penoffset.down.of.currentpen...
<to be read again> 
                   ;
spcharend->pickup.pencircle.scaled1;
                                    if.visual>=1:draw(-marg*ux,-2*uy)--((mar...
l.15 spcharend(6)
                 ;
? 
! An expression can't begin with `='.
<inserted text> 
                0
<to be read again> 
                   =
gouache->...IX0)shifted(0,sasy/2);elseif(SUFFIX2)=
                                                  doubl:Xsc:=sasx*2;pickup.p...
<to be read again> 
                   Ysc
gouache->Ysc
            :=sasy/curve;if(SUFFIX2)=refl:pickup.pencircle.xscaled.sasx.ysca...
<to be read again> 
                   Ysc
gouache->Ysc
            :=sasy/curve;if(SUFFIX2)=refl:pickup.pencircle.xscaled.sasx.ysca...
<to be read again> 
                   currentpen
pen_pickup_->currentpen
                       :=(EXPR0);pen_lft:=xpart.penoffset.down.of.currentpen...
<to be read again> 
                   ;
spcharend->pickup.pencircle.scaled1;
                                    if.visual>=1:draw(-marg*ux,-2*uy)--((mar...
l.15 spcharend(6)
                 ;
? 
>> -doubl
! Unknown relation will be considered false.
<to be read again> 
                   :
gouache->...ifted(0,sasy/2);elseif(SUFFIX2)=doubl:
                                                  Xsc:=sasx*2;pickup.pencirc...
<to be read again> 
                   Ysc
gouache->Ysc
            :=sasy/curve;if(SUFFIX2)=refl:pickup.pencircle.xscaled.sasx.ysca...
<to be read again> 
                   Ysc
gouache->Ysc
            :=sasy/curve;if(SUFFIX2)=refl:pickup.pencircle.xscaled.sasx.ysca...
<to be read again> 
                   currentpen
pen_pickup_->currentpen
                       :=(EXPR0);pen_lft:=xpart.penoffset.down.of.currentpen...
<to be read again> 
                   ;
spcharend->pickup.pencircle.scaled1;
                                    if.visual>=1:draw(-marg*ux,-2*uy)--((mar...
l.15 spcharend(6)
                 ;
? 
>> (0,0,1,0,0,curve)
! Transform components aren't all known.
<to be read again> 
                   rotated
gouache->...ircle.xscaled.sasx.yscaled.Ysc.rotated
                                                  (SUFFIX1);undraw.z(SUFFIX0...
<to be read again> 
                   Ysc
gouache->Ysc
            :=sasy/curve;if(SUFFIX2)=refl:pickup.pencircle.xscaled.sasx.ysca...
<to be read again> 
                   Ysc
gouache->Ysc
            :=sasy/curve;if(SUFFIX2)=refl:pickup.pencircle.xscaled.sasx.ysca...
<to be read again> 
                   currentpen
pen_pickup_->currentpen
                       :=(EXPR0);pen_lft:=xpart.penoffset.down.of.currentpen...
<to be read again> 
                   ;
spcharend->pickup.pencircle.scaled1;
                                    if.visual>=1:draw(-marg*ux,-2*uy)--((mar...
l.15 spcharend(6)
                 ;
? 
>> 107.59552
>> curve
! Not implemented: (known numeric)/(unknown numeric).
<to be read again> 
                   ;
gouache->Ysc:=sasy/curve;
                         if(SUFFIX2)=refl:pickup.pencircle.xscaled.sasx.ysca...
<to be read again> 
                   Ysc
gouache->Ysc
            :=sasy/curve;if(SUFFIX2)=refl:pickup.pencircle.xscaled.sasx.ysca...
<to be read again> 
                   currentpen
pen_pickup_->currentpen
                       :=(EXPR0);pen_lft:=xpart.penoffset.down.of.currentpen...
<to be read again> 
                   ;
spcharend->pickup.pencircle.scaled1;
                                    if.visual>=1:draw(-marg*ux,-2*uy)--((mar...
l.15 spcharend(6)
                 ;
? 
! An expression can't begin with `='.
<inserted text> 
                0
<to be read again> 
                   =
gouache->Ysc:=sasy/curve;if(SUFFIX2)=
                                     refl:pickup.pencircle.xscaled.sasx.ysca...
<to be read again> 
                   Ysc
gouache->Ysc
            :=sasy/curve;if(SUFFIX2)=refl:pickup.pencircle.xscaled.sasx.ysca...
<to be read again> 
                   currentpen
pen_pickup_->currentpen
                       :=(EXPR0);pen_lft:=xpart.penoffset.down.of.currentpen...
<to be read again> 
                   ;
spcharend->pickup.pencircle.scaled1;
                                    if.visual>=1:draw(-marg*ux,-2*uy)--((mar...
l.15 spcharend(6)
                 ;
? 
>> -refl
! Unknown relation will be considered false.
<to be read again> 
                   :
gouache->Ysc:=sasy/curve;if(SUFFIX2)=refl:
                                          pickup.pencircle.xscaled.sasx.ysca...
<to be read again> 
                   Ysc
gouache->Ysc
            :=sasy/curve;if(SUFFIX2)=refl:pickup.pencircle.xscaled.sasx.ysca...
<to be read again> 
                   currentpen
pen_pickup_->currentpen
                       :=(EXPR0);pen_lft:=xpart.penoffset.down.of.currentpen...
<to be read again> 
                   ;
spcharend->pickup.pencircle.scaled1;
                                    if.visual>=1:draw(-marg*ux,-2*uy)--((mar...
l.15 spcharend(6)
                 ;
? 
! An expression can't begin with `='.
<inserted text> 
                0
<to be read again> 
                   =
gouache->...tedabout(A,B)rotated0;elseif(SUFFIX2)=
                                                  sup:Xsc:=sasx*2;pickup.pen...
<to be read again> 
                   Ysc
gouache->Ysc
            :=sasy/curve;if(SUFFIX2)=refl:pickup.pencircle.xscaled.sasx.ysca...
<to be read again> 
                   currentpen
pen_pickup_->currentpen
                       :=(EXPR0);pen_lft:=xpart.penoffset.down.of.currentpen...
<to be read again> 
                   ;
spcharend->pickup.pencircle.scaled1;
                                    if.visual>=1:draw(-marg*ux,-2*uy)--((mar...
l.15 spcharend(6)
                 ;
? 
>> -sup
! Unknown relation will be considered false.
<to be read again> 
                   :
gouache->...bout(A,B)rotated0;elseif(SUFFIX2)=sup:
                                                  Xsc:=sasx*2;pickup.pencirc...
<to be read again> 
                   Ysc
gouache->Ysc
            :=sasy/curve;if(SUFFIX2)=refl:pickup.pencircle.xscaled.sasx.ysca...
<to be read again> 
                   currentpen
pen_pickup_->currentpen
                       :=(EXPR0);pen_lft:=xpart.penoffset.down.of.currentpen...
<to be read again> 
                   ;
spcharend->pickup.pencircle.scaled1;
                                    if.visual>=1:draw(-marg*ux,-2*uy)--((mar...
l.15 spcharend(6)
                 ;
? 
! An exp